<?xml version="1.0" encoding="UTF-8"?>
<!-- Generated by org.testng.reporters.JUnitReportReporter -->
<testsuite hostname="LAPTOP-T6AV9Q00" failures="0" tests="1" name="com.qaautomation.OPenBrowser" time="11.362" errors="0" timestamp="2024-07-27T10:24:37 BST" skipped="0">
  <testcase classname="com.qaautomation.OPenBrowser" name="case1" time="11.362"/>
  <system-out/>
</testsuite> <!-- com.qaautomation.OPenBrowser -->
